[
  {
    address: '0x761e944C30a6c6c2BD12400fc3cE0c8D2C5943e9',
    blockHash: '0x944ca0bc01655fbc1bcb90673b324b337141ae79dde98b5aa00a593756b7989d',
    blockNumber: 10404042,
    logIndex: 0,
    removed: false,
    transactionHash: '0x54fb1949f47bfa00164199e068a530c657c6c38168904bb4568c7d24c48b4e22',
    transactionIndex: 1,
    id: 'log_befc324a',
    returnValues: Result {
      '0': '0xc679D778B948dC9e605F55438e3017f55Bfbbcd1',
      '1': '0x0000000000000000000000000000000000000000',
      '2': '0x10B6F68Ac2aA703Ad1E74BFAbC4414ecCce356dF',
      '3': '1234567890',
      '4': '1',
      operator: '0xc679D778B948dC9e605F55438e3017f55Bfbbcd1',
      from: '0x0000000000000000000000000000000000000000',
      to: '0x10B6F68Ac2aA703Ad1E74BFAbC4414ecCce356dF',
      id: '1234567890',
      value: '1'
    },
    event: 'TransferSingle',
    signature: '0xc3d58168c5ae7397731d063d5bbf3d657854427343f4c083240f7aacaa2d0f62',
    raw: {
      data: '0x00000000000000000000000000000000000000000000000000000000499602d20000000000000000000000000000000000000000000000000000000000000001',
      topics: [Array]
    }
  },
  {
    address: '0x761e944C30a6c6c2BD12400fc3cE0c8D2C5943e9',
    blockHash: '0x9c5e2ec0e644562bf540650813b21d4ae5428f79e75bcb310b190871947989fe',
    blockNumber: 10404047,
    logIndex: 3,
    removed: false,
    transactionHash: '0x3675a38c7e1cedd2a670d69299d5a0268eabcbe85f4b6b6954c3761d805d400a',
    transactionIndex: 4,
    id: 'log_998cda58',
    returnValues: Result {
      '0': '0xc679D778B948dC9e605F55438e3017f55Bfbbcd1',
      '1': '0x0000000000000000000000000000000000000000',
      '2': '0x10B6F68Ac2aA703Ad1E74BFAbC4414ecCce356dF',
      '3': '1234567894',
      '4': '1',
      operator: '0xc679D778B948dC9e605F55438e3017f55Bfbbcd1',
      from: '0x0000000000000000000000000000000000000000',
      to: '0x10B6F68Ac2aA703Ad1E74BFAbC4414ecCce356dF',
      id: '1234567894',
      value: '1'
    },
    event: 'TransferSingle',
    signature: '0xc3d58168c5ae7397731d063d5bbf3d657854427343f4c083240f7aacaa2d0f62',
    raw: {
      data: '0x00000000000000000000000000000000000000000000000000000000499602d60000000000000000000000000000000000000000000000000000000000000001',
      topics: [Array]
    }
  },
  {
    address: '0x761e944C30a6c6c2BD12400fc3cE0c8D2C5943e9',
    blockHash: '0x31862b84cbc0f86440c5ea8b34e25814aeae318e821674de1f03f1b0c21c17ce',
    blockNumber: 10404051,
    logIndex: 0,
    removed: false,
    transactionHash: '0xf0ae43c284a098d16926eaf38f5dae89654dfae610faa71673d320e00b6a15f8',
    transactionIndex: 6,
    id: 'log_219317a6',
    returnValues: Result {
      '0': '0xc679D778B948dC9e605F55438e3017f55Bfbbcd1',
      '1': '0x0000000000000000000000000000000000000000',
      '2': '0x10B6F68Ac2aA703Ad1E74BFAbC4414ecCce356dF',
      '3': '1234567885',
      '4': '1',
      operator: '0xc679D778B948dC9e605F55438e3017f55Bfbbcd1',
      from: '0x0000000000000000000000000000000000000000',
      to: '0x10B6F68Ac2aA703Ad1E74BFAbC4414ecCce356dF',
      id: '1234567885',
      value: '1'
    },
    event: 'TransferSingle',
    signature: '0xc3d58168c5ae7397731d063d5bbf3d657854427343f4c083240f7aacaa2d0f62',
    raw: {
      data: '0x00000000000000000000000000000000000000000000000000000000499602cd0000000000000000000000000000000000000000000000000000000000000001',
      topics: [Array]
    }
  },
  {
    address: '0x761e944C30a6c6c2BD12400fc3cE0c8D2C5943e9',
    blockHash: '0x30b16cd3913c1e1d54c3b8dcbb597de88477565b4ee78cd77f5200f30c667bf0',
    blockNumber: 10404056,
    logIndex: 2,
    removed: false,
    transactionHash: '0x1b9a2f36dbf22f6f9cf46ee64d59385e2877b1318d7ab8459e57e626cc7ba72a',
    transactionIndex: 2,
    id: 'log_23da31d8',
    returnValues: Result {
      '0': '0xc679D778B948dC9e605F55438e3017f55Bfbbcd1',
      '1': '0x0000000000000000000000000000000000000000',
      '2': '0x10B6F68Ac2aA703Ad1E74BFAbC4414ecCce356dF',
      '3': '1234567845',
      '4': '1',
      operator: '0xc679D778B948dC9e605F55438e3017f55Bfbbcd1',
      from: '0x0000000000000000000000000000000000000000',
      to: '0x10B6F68Ac2aA703Ad1E74BFAbC4414ecCce356dF',
      id: '1234567845',
      value: '1'
    },
    event: 'TransferSingle',
    signature: '0xc3d58168c5ae7397731d063d5bbf3d657854427343f4c083240f7aacaa2d0f62',
    raw: {
      data: '0x00000000000000000000000000000000000000000000000000000000499602a50000000000000000000000000000000000000000000000000000000000000001',
      topics: [Array]
    }
  },
  {
    address: '0x761e944C30a6c6c2BD12400fc3cE0c8D2C5943e9',
    blockHash: '0xcbb7dcd26bc926ad0674648caaa991656010467526e25e7d147860eda459a98b',
    blockNumber: 10404114,
    logIndex: 3,
    removed: false,
    transactionHash: '0x43bfae96b6ca5762d4bd85a09f84a5db3c9aafadd58bc4feb9b0569499e23c2e',
    transactionIndex: 2,
    id: 'log_cc0c7dda',
    returnValues: Result {
      '0': '0xc679D778B948dC9e605F55438e3017f55Bfbbcd1',
      '1': '0x0000000000000000000000000000000000000000',
      '2': '0xc679D778B948dC9e605F55438e3017f55Bfbbcd1',
      '3': '1234567800',
      '4': '1',
      operator: '0xc679D778B948dC9e605F55438e3017f55Bfbbcd1',
      from: '0x0000000000000000000000000000000000000000',
      to: '0xc679D778B948dC9e605F55438e3017f55Bfbbcd1',
      id: '1234567800',
      value: '1'
    },
    event: 'TransferSingle',
    signature: '0xc3d58168c5ae7397731d063d5bbf3d657854427343f4c083240f7aacaa2d0f62',
    raw: {
      data: '0x00000000000000000000000000000000000000000000000000000000499602780000000000000000000000000000000000000000000000000000000000000001',
      topics: [Array]
    }
  },
  {
    address: '0x761e944C30a6c6c2BD12400fc3cE0c8D2C5943e9',
    blockHash: '0x5587ac8e49e18818c1a47ff7cebbf8d5c7061642f6d2ef2fbba2d4aa643e7062',
    blockNumber: 10404119,
    logIndex: 1,
    removed: false,
    transactionHash: '0xee78795c5a585bb547663f128314909beeea50eac58f6a6072abf37993a9e8c7',
    transactionIndex: 1,
    id: 'log_2e07d0b1',
    returnValues: Result {
      '0': '0xc679D778B948dC9e605F55438e3017f55Bfbbcd1',
      '1': '0xc679D778B948dC9e605F55438e3017f55Bfbbcd1',
      '2': '0x09889F91ba978091F368Fb81d82Aa5dA018ac0c6',
      '3': '1234567800',
      '4': '1',
      operator: '0xc679D778B948dC9e605F55438e3017f55Bfbbcd1',
      from: '0xc679D778B948dC9e605F55438e3017f55Bfbbcd1',
      to: '0x09889F91ba978091F368Fb81d82Aa5dA018ac0c6',
      id: '1234567800',
      value: '1'
    },
    event: 'TransferSingle',
    signature: '0xc3d58168c5ae7397731d063d5bbf3d657854427343f4c083240f7aacaa2d0f62',
    raw: {
      data: '0x00000000000000000000000000000000000000000000000000000000499602780000000000000000000000000000000000000000000000000000000000000001',
      topics: [Array]
    }
  },
  {
    address: '0x761e944C30a6c6c2BD12400fc3cE0c8D2C5943e9',
    blockHash: '0x716c8ea691ad494648899445901e0329e7fb57a9378b061e2b648e0190183625',
    blockNumber: 10404136,
    logIndex: 0,
    removed: false,
    transactionHash: '0x5ba28260e97ddd8cb2826aa3667ec6f7962154ccb477a28cc67cfb90d3be2185',
    transactionIndex: 2,
    id: 'log_4cd1be68',
    returnValues: Result {
      '0': '0xc679D778B948dC9e605F55438e3017f55Bfbbcd1',
      '1': '0x0000000000000000000000000000000000000000',
      '2': '0xc679D778B948dC9e605F55438e3017f55Bfbbcd1',
      '3': '1234567801',
      '4': '1',
      operator: '0xc679D778B948dC9e605F55438e3017f55Bfbbcd1',
      from: '0x0000000000000000000000000000000000000000',
      to: '0xc679D778B948dC9e605F55438e3017f55Bfbbcd1',
      id: '1234567801',
      value: '1'
    },
    event: 'TransferSingle',
    signature: '0xc3d58168c5ae7397731d063d5bbf3d657854427343f4c083240f7aacaa2d0f62',
    raw: {
      data: '0x00000000000000000000000000000000000000000000000000000000499602790000000000000000000000000000000000000000000000000000000000000001',
      topics: [Array]
    }
  },
  {
    address: '0x761e944C30a6c6c2BD12400fc3cE0c8D2C5943e9',
    blockHash: '0xfaf9ab77412ebfe3661ad13b24c83721581620b6feeacfb7fee581895433f81f',
    blockNumber: 10404140,
    logIndex: 0,
    removed: false,
    transactionHash: '0x3c8818f138f320f9ebe67e30e4ac6ac24dea4c76f6492762fa87878de84b46ae',
    transactionIndex: 0,
    id: 'log_9184e717',
    returnValues: Result {
      '0': '0xc679D778B948dC9e605F55438e3017f55Bfbbcd1',
      '1': '0x0000000000000000000000000000000000000000',
      '2': '0xc679D778B948dC9e605F55438e3017f55Bfbbcd1',
      '3': '1234567802',
      '4': '1',
      operator: '0xc679D778B948dC9e605F55438e3017f55Bfbbcd1',
      from: '0x0000000000000000000000000000000000000000',
      to: '0xc679D778B948dC9e605F55438e3017f55Bfbbcd1',
      id: '1234567802',
      value: '1'
    },
    event: 'TransferSingle',
    signature: '0xc3d58168c5ae7397731d063d5bbf3d657854427343f4c083240f7aacaa2d0f62',
    raw: {
      data: '0x000000000000000000000000000000000000000000000000000000004996027a0000000000000000000000000000000000000000000000000000000000000001',
      topics: [Array]
    }
  },
  {
    address: '0x761e944C30a6c6c2BD12400fc3cE0c8D2C5943e9',
    blockHash: '0x5da9c17d862c4fe178e5184a1e3139bc379844b91ff1e4a1239e241e63372d7e',
    blockNumber: 10404156,
    logIndex: 3,
    removed: false,
    transactionHash: '0x41be36bf46b36e30d73dab8474bba3bf8a22fcc9d0a95df2979cd16d91e4394e',
    transactionIndex: 3,
    id: 'log_92413fb5',
    returnValues: Result {
      '0': '0xc679D778B948dC9e605F55438e3017f55Bfbbcd1',
      '1': '0xc679D778B948dC9e605F55438e3017f55Bfbbcd1',
      '2': '0x09889F91ba978091F368Fb81d82Aa5dA018ac0c6',
      '3': '1234567802',
      '4': '1',
      operator: '0xc679D778B948dC9e605F55438e3017f55Bfbbcd1',
      from: '0xc679D778B948dC9e605F55438e3017f55Bfbbcd1',
      to: '0x09889F91ba978091F368Fb81d82Aa5dA018ac0c6',
      id: '1234567802',
      value: '1'
    },
    event: 'TransferSingle',
    signature: '0xc3d58168c5ae7397731d063d5bbf3d657854427343f4c083240f7aacaa2d0f62',
    raw: {
      data: '0x000000000000000000000000000000000000000000000000000000004996027a0000000000000000000000000000000000000000000000000000000000000001',
      topics: [Array]
    }
  },
  {
    address: '0x761e944C30a6c6c2BD12400fc3cE0c8D2C5943e9',
    blockHash: '0xeb82c5eae95e713d65aecc56c5ba0b5020f8f62ba3da9ae8be5f510a85717ccb',
    blockNumber: 10404164,
    logIndex: 5,
    removed: false,
    transactionHash: '0xe26374695d730bbaf76006fe2276e86cb1b77dcefe94e0300057c2d80ad7b268',
    transactionIndex: 4,
    id: 'log_0f07afef',
    returnValues: Result {
      '0': '0xc679D778B948dC9e605F55438e3017f55Bfbbcd1',
      '1': '0x0000000000000000000000000000000000000000',
      '2': '0xc679D778B948dC9e605F55438e3017f55Bfbbcd1',
      '3': '1234567803',
      '4': '1',
      operator: '0xc679D778B948dC9e605F55438e3017f55Bfbbcd1',
      from: '0x0000000000000000000000000000000000000000',
      to: '0xc679D778B948dC9e605F55438e3017f55Bfbbcd1',
      id: '1234567803',
      value: '1'
    },
    event: 'TransferSingle',
    signature: '0xc3d58168c5ae7397731d063d5bbf3d657854427343f4c083240f7aacaa2d0f62',
    raw: {
      data: '0x000000000000000000000000000000000000000000000000000000004996027b0000000000000000000000000000000000000000000000000000000000000001',
      topics: [Array]
    }
  },
  {
    address: '0x761e944C30a6c6c2BD12400fc3cE0c8D2C5943e9',
    blockHash: '0x5451c2366fb80048da7ea9fc6b0b0c04bfb2706aeb9ce8096bebfd833df555b7',
    blockNumber: 10404169,
    logIndex: 24,
    removed: false,
    transactionHash: '0x07fc6b2eca8df036dc053ca46b171e366fdac3acec5c3dcf26d8c2c0cd9f3a4b',
    transactionIndex: 9,
    id: 'log_12c51f98',
    returnValues: Result {
      '0': '0xc679D778B948dC9e605F55438e3017f55Bfbbcd1',
      '1': '0xc679D778B948dC9e605F55438e3017f55Bfbbcd1',
      '2': '0x09889F91ba978091F368Fb81d82Aa5dA018ac0c6',
      '3': '1234567803',
      '4': '1',
      operator: '0xc679D778B948dC9e605F55438e3017f55Bfbbcd1',
      from: '0xc679D778B948dC9e605F55438e3017f55Bfbbcd1',
      to: '0x09889F91ba978091F368Fb81d82Aa5dA018ac0c6',
      id: '1234567803',
      value: '1'
    },
    event: 'TransferSingle',
    signature: '0xc3d58168c5ae7397731d063d5bbf3d657854427343f4c083240f7aacaa2d0f62',
    raw: {
      data: '0x000000000000000000000000000000000000000000000000000000004996027b0000000000000000000000000000000000000000000000000000000000000001',
      topics: [Array]
    }
  },
  {
    address: '0x761e944C30a6c6c2BD12400fc3cE0c8D2C5943e9',
    blockHash: '0x7919c80f686114fbecce0f6be476a23d223a71f378259352d7fa914eb4a7b399',
    blockNumber: 10404177,
    logIndex: 22,
    removed: false,
    transactionHash: '0x88e3ee92c65db46666f07adb0cd068a3146b72dac3f90fbd076e358d0007208c',
    transactionIndex: 13,
    id: 'log_6371d559',
    returnValues: Result {
      '0': '0xc679D778B948dC9e605F55438e3017f55Bfbbcd1',
      '1': '0x0000000000000000000000000000000000000000',
      '2': '0xc679D778B948dC9e605F55438e3017f55Bfbbcd1',
      '3': '1234567804',
      '4': '1',
      operator: '0xc679D778B948dC9e605F55438e3017f55Bfbbcd1',
      from: '0x0000000000000000000000000000000000000000',
      to: '0xc679D778B948dC9e605F55438e3017f55Bfbbcd1',
      id: '1234567804',
      value: '1'
    },
    event: 'TransferSingle',
    signature: '0xc3d58168c5ae7397731d063d5bbf3d657854427343f4c083240f7aacaa2d0f62',
    raw: {
      data: '0x000000000000000000000000000000000000000000000000000000004996027c0000000000000000000000000000000000000000000000000000000000000001',
      topics: [Array]
    }
  },
  {
    address: '0x761e944C30a6c6c2BD12400fc3cE0c8D2C5943e9',
    blockHash: '0x9ee0cab41cb1fa274a4c96fa46032d303a02ffc045ffe9e62c43a209c01e7499',
    blockNumber: 10404192,
    logIndex: 1,
    removed: false,
    transactionHash: '0xe2eb7d236c9465490eaadc03670ccec7e3aabda0a9bcf7c4efedfa90c2488cc0',
    transactionIndex: 2,
    id: 'log_0a954c62',
    returnValues: Result {
      '0': '0xc679D778B948dC9e605F55438e3017f55Bfbbcd1',
      '1': '0xc679D778B948dC9e605F55438e3017f55Bfbbcd1',
      '2': '0x31489293d6C22BD23120A3170e84378371a04a80',
      '3': '1234567804',
      '4': '1',
      operator: '0xc679D778B948dC9e605F55438e3017f55Bfbbcd1',
      from: '0xc679D778B948dC9e605F55438e3017f55Bfbbcd1',
      to: '0x31489293d6C22BD23120A3170e84378371a04a80',
      id: '1234567804',
      value: '1'
    },
    event: 'TransferSingle',
    signature: '0xc3d58168c5ae7397731d063d5bbf3d657854427343f4c083240f7aacaa2d0f62',
    raw: {
      data: '0x000000000000000000000000000000000000000000000000000000004996027c0000000000000000000000000000000000000000000000000000000000000001',
      topics: [Array]
    }
  }
]